<?xml version="1.0" encoding="UTF-8"?>
<!-- Generated by org.testng.reporters.JUnitReportReporter -->
<testsuite hostname="New-atom" failures="0" tests="1" name="com.imc.TestRunner" time="2.304" errors="1" timestamp="2025-08-18T12:09:46 IST" skipped="0">
  <testcase classname="com.imc.TestRunner" name="runScenario" time="2.304">
    <error message="image to search (1917, 1029) is larger than image to search in (1440, 900)" type="org.sikuli.script.SikuliXception">
      <![CDATA[org.sikuli.script.SikuliXception: image to search (1917, 1029) is larger than image to search in (1440, 900)
at org.sikuli.script.Finder$FindInput2.isValid(Finder.java:1247)
at org.sikuli.script.Finder$Finder2.doFind(Finder.java:618)
at org.sikuli.script.Finder$Finder2.find(Finder.java:584)
at org.sikuli.script.Finder.find(Finder.java:221)
at org.sikuli.script.Region.runFinder(Region.java:2861)
at org.sikuli.script.Region.doFind(Region.java:2799)
at org.sikuli.script.Region.find(Region.java:2275)
at stepDefinations.logintest.I_have_oIMC_App_open_using_the_batfile(logintest.java:27)
at ✽.IMC App open using the batfile(file:///C:/Users/Admin/Workspace/Workspace-git/IMC-sikuli/imc_automation/src/test/features/OrderCreation.feature:5)
]]>
    </error>
  </testcase> <!-- runScenario -->
</testsuite> <!-- com.imc.TestRunner -->
