<?xml version="1.0" encoding="UTF-8"?>
<testsuite xmlns:xsi="http://www.w3.org/2001/XMLSchema-instance" xsi:noNamespaceSchemaLocation="https://maven.apache.org/surefire/maven-surefire-plugin/xsd/surefire-test-report-3.0.xsd" version="3.0" name="TestSuite" time="3.49" tests="1" errors="0" skipped="0" failures="1">
  <properties>
[...]
</properties>
  <testcase name="runScenario[&quot;Successful login using text recognition&quot;, &quot;Order creation end to end case&quot;](1)" classname="com.imc.TestRunner" time="2.307">
    <failure message="image to search (1917, 1029) is larger than image to search in (1440, 900)" type="org.sikuli.script.SikuliXception"><![CDATA[org.sikuli.script.SikuliXception: image to search (1917, 1029) is larger than image to search in (1440, 900)
	at org.sikuli.script.Finder$FindInput2.isValid(Finder.java:1247)
	at org.sikuli.script.Finder$Finder2.doFind(Finder.java:618)
	at org.sikuli.script.Finder$Finder2.find(Finder.java:584)
	at org.sikuli.script.Finder.find(Finder.java:221)
	at org.sikuli.script.Region.runFinder(Region.java:2861)
	at org.sikuli.script.Region.doFind(Region.java:2799)
	at org.sikuli.script.Region.find(Region.java:2275)
	at stepDefinations.logintest.I_have_oIMC_App_open_using_the_batfile(logintest.java:27)
	at ✽.IMC App open using the batfile(file:///C:/Users/Admin/Workspace/Workspace-git/IMC-sikuli/imc_automation/src/test/features/OrderCreation.feature:5)
]]></failure>
    <system-out><![CDATA[
@login
&amp#27;[1mScenario:&amp#27;[22m Successful login using text recognition &amp#27;[90m# file:///C:/Users/Admin/Workspace/Workspace-git/IMC-sikuli/imc_automation/src/test/features/OrderCreation.feature:4&amp#27;[39m
[log] highlight R[0,0 1440x900]@S(0) for -1.0 secs color: C:\Users\Admin\Workspace\Workspace-git\IMC-sikuli\imc_automation\src\main\resources\images\windows.png
[log] DOUBLE CLICK on L[301,876]@S(0) (610 msec)
R[0,0 1440x900]@S(0) java.awt.Rectangle[x=0,y=0,width=1440,height=900]
  &amp#27;[31m✘&amp#27;[39m &amp#27;[31m&amp#27;[1mGiven &amp#27;[22mIMC App open using the batfile&amp#27;[39m          &amp#27;[90m# stepDefinations.logintest.I_have_oIMC_App_open_using_the_batfile()&amp#27;[39m
        &amp#27;[31morg.sikuli.script.SikuliXception: image to search (1917, 1029) is larger than image to search in (1440, 900)&amp#27;[39m
        &amp#27;[31m	at org.sikuli.script.Finder$FindInput2.isValid(Finder.java:1247)&amp#27;[39m
        &amp#27;[31m	at org.sikuli.script.Finder$Finder2.doFind(Finder.java:618)&amp#27;[39m
        &amp#27;[31m	at org.sikuli.script.Finder$Finder2.find(Finder.java:584)&amp#27;[39m
        &amp#27;[31m	at org.sikuli.script.Finder.find(Finder.java:221)&amp#27;[39m
        &amp#27;[31m	at org.sikuli.script.Region.runFinder(Region.java:2861)&amp#27;[39m
        &amp#27;[31m	at org.sikuli.script.Region.doFind(Region.java:2799)&amp#27;[39m
        &amp#27;[31m	at org.sikuli.script.Region.find(Region.java:2275)&amp#27;[39m
        &amp#27;[31m	at stepDefinations.logintest.I_have_oIMC_App_open_using_the_batfile(logintest.java:27)&amp#27;[39m
        &amp#27;[31m	at ✽.IMC App open using the batfile(file:///C:/Users/Admin/Workspace/Workspace-git/IMC-sikuli/imc_automation/src/test/features/OrderCreation.feature:5)&amp#27;[39m
]]></system-out>
    <system-err><![CDATA[SLF4J(W): No SLF4J providers were found.
SLF4J(W): Defaulting to no-operation (NOP) logger implementation
SLF4J(W): See https://www.slf4j.org/codes.html#noProviders for further details.
SLF4J(W): Class path contains SLF4J bindings targeting slf4j-api versions 1.7.x or earlier.
SLF4J(W): Ignoring binding found at [jar:file:/C:/Users/Admin/.m2/repository/org/slf4j/slf4j-nop/1.7.28/slf4j-nop-1.7.28.jar!/org/slf4j/impl/StaticLoggerBinder.class]
SLF4J(W): See https://www.slf4j.org/codes.html#ignoredBindings for an explanation.
]]></system-err>
  </testcase>
</testsuite>