<?xml version="1.0" encoding="UTF-8"?>
<testng-results ignored="0" total="2" passed="2" failed="0" skipped="0">
  <reporter-output>
  </reporter-output>
  <suite started-at="2025-09-02T15:13:25 IST" name="IMC Automation Suite" finished-at="2025-09-02T15:13:33 IST" duration-ms="7729">
    <groups>
      <group name="cucumber">
        <method signature="AbstractTestNGCucumberTests.runScenario(io.cucumber.testng.PickleWrapper,io.cucumber.testng.FeatureWrapper)[pri:0, instance:com.imc.config.TestRunner@2cd76f31]" name="runScenario" class="io.cucumber.testng.AbstractTestNGCucumberTests"/>
      </group> <!-- cucumber -->
    </groups>
    <test started-at="2025-09-02T15:13:25 IST" name="Cucumber Tests" finished-at="2025-09-02T15:13:33 IST" duration-ms="7729">
      <class name="com.imc.config.TestRunner">
        <test-method is-config="true" signature="beforeTest()[pri:0, instance:com.imc.config.TestRunner@2cd76f31]" started-at="2025-09-02T15:13:25 IST" name="beforeTest" finished-at="2025-09-02T15:13:25 IST" duration-ms="53" status="PASS">
          <reporter-output>
          </reporter-output>
        </test-method> <!-- beforeTest -->
        <test-method is-config="true" signature="setUpClass(org.testng.ITestContext)[pri:0, instance:com.imc.config.TestRunner@2cd76f31]" started-at="2025-09-02T15:13:25 IST" name="setUpClass" finished-at="2025-09-02T15:13:27 IST" duration-ms="1511" status="PASS">
          <params>
            <param index="0">
              <value>
                <![CDATA[org.testng.TestRunner@7e8a46b7]]>
              </value>
            </param>
          </params>
          <reporter-output>
          </reporter-output>
        </test-method> <!-- setUpClass -->
        <test-method signature="runCucumber()[pri:0, instance:com.imc.config.TestRunner@2cd76f31]" started-at="2025-09-02T15:13:27 IST" name="runCucumber" finished-at="2025-09-02T15:13:27 IST" duration-ms="4" status="PASS">
          <reporter-output>
          </reporter-output>
        </test-method> <!-- runCucumber -->
        <test-method signature="runScenario(io.cucumber.testng.PickleWrapper,io.cucumber.testng.FeatureWrapper)[pri:0, instance:com.imc.config.TestRunner@2cd76f31]" started-at="2025-09-02T15:13:27 IST" name="runScenario" description="Runs Cucumber Scenarios" data-provider="scenarios" finished-at="2025-09-02T15:13:33 IST" duration-ms="5981" status="PASS">
          <params>
            <param index="0">
              <value>
                <![CDATA["Successful login using text recognition"]]>
              </value>
            </param>
            <param index="1">
              <value>
                <![CDATA["Order creation end to end case"]]>
              </value>
            </param>
          </params>
          <reporter-output>
          </reporter-output>
        </test-method> <!-- runScenario -->
        <test-method is-config="true" signature="tearDownClass()[pri:0, instance:com.imc.config.TestRunner@2cd76f31]" started-at="2025-09-02T15:13:33 IST" name="tearDownClass" finished-at="2025-09-02T15:13:33 IST" duration-ms="75" status="PASS">
          <reporter-output>
          </reporter-output>
        </test-method> <!-- tearDownClass -->
        <test-method is-config="true" signature="AfterTest()[pri:0, instance:com.imc.config.TestRunner@2cd76f31]" started-at="2025-09-02T15:13:33 IST" name="AfterTest" finished-at="2025-09-02T15:13:33 IST" duration-ms="0" status="PASS">
          <reporter-output>
          </reporter-output>
        </test-method> <!-- AfterTest -->
      </class> <!-- com.imc.config.TestRunner -->
    </test> <!-- Cucumber Tests -->
  </suite> <!-- IMC Automation Suite -->
</testng-results>
