<?xml version="1.0" encoding="UTF-8"?>
<testng-results ignored="0" total="1" passed="1" failed="0" skipped="0">
  <reporter-output>
  </reporter-output>
  <suite started-at="2025-08-26T15:51:18 IST" name="IMC Automation Suite" finished-at="2025-08-26T15:51:21 IST" duration-ms="2526">
    <groups>
      <group name="cucumber">
        <method signature="AbstractTestNGCucumberTests.runScenario(io.cucumber.testng.PickleWrapper,io.cucumber.testng.FeatureWrapper)[pri:0, instance:com.imc.TestRunner@4116aac9]" name="runScenario" class="io.cucumber.testng.AbstractTestNGCucumberTests"/>
      </group> <!-- cucumber -->
    </groups>
    <test started-at="2025-08-26T15:51:18 IST" name="Cucumber Tests" finished-at="2025-08-26T15:51:21 IST" duration-ms="2526">
      <class name="com.imc.TestRunner">
        <test-method is-config="true" signature="setUpClass(org.testng.ITestContext)[pri:0, instance:com.imc.TestRunner@4116aac9]" started-at="2025-08-26T15:51:18 IST" name="setUpClass" finished-at="2025-08-26T15:51:20 IST" duration-ms="1451" status="PASS">
          <params>
            <param index="0">
              <value>
                <![CDATA[org.testng.TestRunner@18e8473e]]>
              </value>
            </param>
          </params>
          <reporter-output>
          </reporter-output>
        </test-method> <!-- setUpClass -->
        <test-method signature="runScenario(io.cucumber.testng.PickleWrapper,io.cucumber.testng.FeatureWrapper)[pri:0, instance:com.imc.TestRunner@4116aac9]" started-at="2025-08-26T15:51:20 IST" name="runScenario" description="Runs Cucumber Scenarios" data-provider="scenarios" finished-at="2025-08-26T15:51:20 IST" duration-ms="732" status="PASS">
          <params>
            <param index="0">
              <value>
                <![CDATA["Successful login using text recognition"]]>
              </value>
            </param>
            <param index="1">
              <value>
                <![CDATA["Order creation end to end case"]]>
              </value>
            </param>
          </params>
          <reporter-output>
          </reporter-output>
        </test-method> <!-- runScenario -->
        <test-method is-config="true" signature="tearDownClass()[pri:0, instance:com.imc.TestRunner@4116aac9]" started-at="2025-08-26T15:51:20 IST" name="tearDownClass" finished-at="2025-08-26T15:51:21 IST" duration-ms="224" status="PASS">
          <reporter-output>
          </reporter-output>
        </test-method> <!-- tearDownClass -->
      </class> <!-- com.imc.TestRunner -->
    </test> <!-- Cucumber Tests -->
  </suite> <!-- IMC Automation Suite -->
</testng-results>
