<?xml version="1.0" encoding="UTF-8"?>
<testsuite xmlns:xsi="http://www.w3.org/2001/XMLSchema-instance" xsi:noNamespaceSchemaLocation="https://maven.apache.org/surefire/maven-surefire-plugin/xsd/surefire-test-report-3.0.xsd" version="3.0" name="TestSuite" time="5.683" tests="5" errors="0" skipped="0" failures="0">
  <properties>
[...]
</properties>
  <testcase name="runCucumber" classname="com.imc.config.TestRunner" time="0.0">
    <system-err><![CDATA[SLF4J(W): No SLF4J providers were found.
SLF4J(W): Defaulting to no-operation (NOP) logger implementation
SLF4J(W): See https://www.slf4j.org/codes.html#noProviders for further details.
SLF4J(W): Class path contains SLF4J bindings targeting slf4j-api versions 1.7.x or earlier.
SLF4J(W): Ignoring binding found at [jar:file:/C:/Users/Admin/.m2/repository/org/slf4j/slf4j-nop/1.7.28/slf4j-nop-1.7.28.jar!/org/slf4j/impl/StaticLoggerBinder.class]
SLF4J(W): See https://www.slf4j.org/codes.html#ignoredBindings for an explanation.
]]></system-err>
  </testcase>
  <testcase name="runScenario[&quot;Successful login using text recognition&quot;, &quot;Order creation end to end case&quot;](1)" classname="com.imc.config.TestRunner" time="4.453">
    <system-out><![CDATA[
@AppLaunch
Scenario: Successful login using text recognition          # file:///C:/Users/Admin/Workspace/Workspace-git/IMC-sikuli/imc_automation/src/test/features/OrderCreation.feature:4
[error] RobotDesktop: checkMousePosition: should be L[-2880,495]@S(2) - but is not!
Possible cause in case you did not touch the mouse while script was running:
 Mouse actions are blocked generally or by the frontmost application.
You might try to run the SikuliX stuff as admin.
[error] RobotDesktop: checkMousePosition: should be L[-1013,118]@S(1) - but is not!
Possible cause in case you did not touch the mouse while script was running:
 Mouse actions are blocked generally or by the frontmost application.
You might try to run the SikuliX stuff as admin.
Open the app: C:\Program Files\WindowsApps\Microsoft.WindowsNotepad_11.2507.26.0_x64__8wekyb3d8bbwe\Notepad\Notepad.exe
Could not find the application window.
  ✔ Given IMC App open in full screen mode                 # com.imc.stepDefinitions.Glue.imc_app_open_in_full_screen_mode()
  ✔ When IMC app is launched                               # com.imc.stepDefinitions.Glue.imc_app_is_launched()
  ✔ Then navigate to Create Query page in full screen mode # com.imc.stepDefinitions.Glue.navigate_to_create_query_page_in_full_screen_mode()
  ✔ And Validate the Page                                  # com.imc.stepDefinitions.Glue.validate_the_page()
]]></system-out>
  </testcase>
  <testcase name="runScenario[&quot;Successful login using image recognition&quot;, &quot;Order creation end to end case&quot;](2)" classname="com.imc.config.TestRunner" time="0.011">
    <system-out><![CDATA[
@orderCreation
Scenario: Successful login using image recognition   # file:///C:/Users/Admin/Workspace/Workspace-git/IMC-sikuli/imc_automation/src/test/features/OrderCreation.feature:12
  ✔ Given I'm at order creation screen               # com.imc.stepDefinitions.Glue.i_m_at_order_creation_screen()
  ✔ When Creation page is displayed                  # com.imc.stepDefinitions.Glue.creation_page_is_displayed()
  ✔ And Enter the order creation details             # com.imc.stepDefinitions.Glue.enter_the_order_creation_details()
  ✔ And Enter the sumbit button to create the order  # com.imc.stepDefinitions.Glue.enter_the_sumbit_button_to_create_the_order()
  ✔ Then validate the order creation success message # com.imc.stepDefinitions.Glue.validate_the_order_creation_success_message()
]]></system-out>
  </testcase>
  <testcase name="runScenario[&quot;Search for an order&quot;, &quot;Order creation end to end case&quot;](3)" classname="com.imc.config.TestRunner" time="0.011">
    <system-out><![CDATA[
@searchOrder
Scenario: Search for an order                     # file:///C:/Users/Admin/Workspace/Workspace-git/IMC-sikuli/imc_automation/src/test/features/OrderCreation.feature:20
  ✔ Given I'm at order search screen              # com.imc.stepDefinitions.Glue.i_m_at_order_search_screen()
  ✔ When I enter the order number to search       # com.imc.stepDefinitions.Glue.i_enter_the_order_number_to_search()
  ✔ And I click the search button                 # com.imc.stepDefinitions.Glue.i_click_the_search_button()
  ✔ Then I should see the order details displayed # com.imc.stepDefinitions.Glue.i_should_see_the_order_details_displayed()
  ✔ And I validate the order details              # com.imc.stepDefinitions.Glue.i_validate_the_order_details()
]]></system-out>
  </testcase>
  <testcase name="runScenario[&quot;Clean up after tests&quot;, &quot;Order creation end to end case&quot;](4)" classname="com.imc.config.TestRunner" time="0.02">
    <system-out><![CDATA[
@cleanup
Scenario: Clean up after tests       # file:///C:/Users/Admin/Workspace/Workspace-git/IMC-sikuli/imc_automation/src/test/features/OrderCreation.feature:28
  ✔ Given I have completed all tests # com.imc.stepDefinitions.Glue.i_have_completed_all_tests()
closing the app: C:\Program Files\WindowsApps\Microsoft.WindowsNotepad_11.2507.26.0_x64__8wekyb3d8bbwe\Notepad\Notepad.exe
  ✔ When I close the application     # com.imc.stepDefinitions.Glue.i_close_the_application()
]]></system-out>
  </testcase>
</testsuite>